<?xml version="1.0" encoding="UTF-8"?>
<!-- Generated by org.testng.reporters.JUnitXMLReporter -->
<testsuite hostname="DESKTOP-D40I0MG" ignored="0" name="PriceBook" tests="2" failures="1" timestamp="2020-08-11T23:43:06 IST" time="249.873" errors="0">
  <testcase name="login" time="48.356" classname="com.zoho.crm.scripts.CommonDP.PriceBookScript"/>
  <testcase name="createPriceBooks" time="186.481" classname="com.zoho.crm.scripts.CommonDP.PriceBookScript">
    <failure type="java.lang.NullPointerException">
      <![CDATA[java.lang.NullPointerException
at com.zoho.crm.pages.PriceBooksPage.clickCheckBoxAddProducts3(PriceBooksPage.java:271)
at com.zoho.crm.scripts.CommonDP.PriceBookScript.createPriceBooks(PriceBookScript.java:74)
at java.util.ArrayList.forEach(Unknown Source)
... Removed 27 stack frames]]>
    </failure>
  </testcase> <!-- createPriceBooks -->
</testsuite> <!-- PriceBook -->
