<?xml version="1.0" encoding="UTF-8"?>
<!-- Generated by org.testng.reporters.JUnitXMLReporter -->
<testsuite hostname="DESKTOP-D40I0MG" ignored="0" name="Products" tests="2" failures="1" timestamp="2020-08-11T23:38:56 IST" time="116.31" errors="0">
  <testcase name="login" time="57.953" classname="com.zoho.crm.scripts.CommonDP.ProductsScript"/>
  <testcase name="createProductsOrder" time="39.288" classname="com.zoho.crm.scripts.CommonDP.ProductsScript">
    <failure type="org.openqa.selenium.ElementClickInterceptedException" message="element click intercepted: Element &amp;lt;iframe onmouseover=&amp;quot;onMouseOverOnFrame(event,&amp;apos;crm&amp;apos;)&amp;quot; onmouseleave=&amp;quot;onMouseLeaveFromFrame(event)&amp;quot; name=&amp;quot;crm1597169270996&amp;quot; id=&amp;quot;crmLoadFrame&amp;quot; allowfullscreen=&amp;quot;true&amp;quot; src=&amp;quot;//crmplus.zoho.in/crm/org60005520933/ShowHomePage.do&amp;quot; class=&amp;quot;serviceFrames zcrmp-visible&amp;quot; style=&amp;quot;position: absolute; height: 579px; width: 1296px; top: 34px; left: 70px;&amp;quot; cd_frame_id_=&amp;quot;9c3e57697b020edf8cb863bf595977c9&amp;quot;&amp;gt;&amp;lt;/iframe&amp;gt; is not clickable at point (610, 611). Other element would receive the click: &amp;lt;div class=&amp;quot;wms-chatwindowcontainer&amp;quot; id=&amp;quot;wms-chatwindowcontainer&amp;quot;&amp;gt;...&amp;lt;/div&amp;gt;
  (Session info: chrome=83.0.4103.97)
Build info: version: &amp;apos;3.141.59&amp;apos;, revision: &amp;apos;e82be7d358&amp;apos;, time: &amp;apos;2018-11-14T08:17:03&amp;apos;
System info: host: &amp;apos;DESKTOP-D40I0MG&amp;apos;, ip: &amp;apos;192.168.118.1&amp;apos;, os.name: &amp;apos;Windows 10&amp;apos;, os.arch: &amp;apos;amd64&amp;apos;, os.version: &amp;apos;10.0&amp;apos;, java.version: &amp;apos;1.8.0_221&amp;apos;
Driver info: org.openqa.selenium.chrome.ChromeDriver
Capabilities {acceptInsecureCerts: false, browserName: chrome, browserVersion: 83.0.4103.97, chrome: {chromedriverVersion: 83.0.4103.39 (ccbf011cb2d2b..., userDataDir: C:\Users\SHEKHAR\AppData\Lo...}, goog:chromeOptions: {debuggerAddress: localhost:54704}, javascriptEnabled: true, networkConnectionEnabled: false, pageLoadStrategy: normal, platform: WINDOWS, platformName: WINDOWS, proxy: Proxy(), setWindowRect: true, strictFileInteractability: false, timeouts: {implicit: 0, pageLoad: 300000, script: 30000}, unhandledPromptBehavior: dismiss and notify, webauthn:virtualAuthenticators: true}
Session ID: 5db2008cf67505dcd93f7b5aae067ebc">
      <![CDATA[org.openqa.selenium.ElementClickInterceptedException: element click intercepted: Element <iframe onmouseover="onMouseOverOnFrame(event,'crm')" onmouseleave="onMouseLeaveFromFrame(event)" name="crm1597169270996" id="crmLoadFrame" allowfullscreen="true" src="//crmplus.zoho.in/crm/org60005520933/ShowHomePage.do" class="serviceFrames zcrmp-visible" style="position: absolute; height: 579px; width: 1296px; top: 34px; left: 70px;" cd_frame_id_="9c3e57697b020edf8cb863bf595977c9"></iframe> is not clickable at point (610, 611). Other element would receive the click: <div class="wms-chatwindowcontainer" id="wms-chatwindowcontainer">...</div>
  (Session info: chrome=83.0.4103.97)
Build info: version: '3.141.59', revision: 'e82be7d358', time: '2018-11-14T08:17:03'
System info: host: 'DESKTOP-D40I0MG', ip: '192.168.118.1', os.name: 'Windows 10', os.arch: 'amd64', os.version: '10.0', java.version: '1.8.0_221'
Driver info: org.openqa.selenium.chrome.ChromeDriver
Capabilities {acceptInsecureCerts: false, browserName: chrome, browserVersion: 83.0.4103.97, chrome: {chromedriverVersion: 83.0.4103.39 (ccbf011cb2d2b..., userDataDir: C:\Users\SHEKHAR\AppData\Lo...}, goog:chromeOptions: {debuggerAddress: localhost:54704}, javascriptEnabled: true, networkConnectionEnabled: false, pageLoadStrategy: normal, platform: WINDOWS, platformName: WINDOWS, proxy: Proxy(), setWindowRect: true, strictFileInteractability: false, timeouts: {implicit: 0, pageLoad: 300000, script: 30000}, unhandledPromptBehavior: dismiss and notify, webauthn:virtualAuthenticators: true}
Session ID: 5db2008cf67505dcd93f7b5aae067ebc
at org.openqa.selenium.remote.http.W3CHttpResponseCodec.createException(W3CHttpResponseCodec.java:187)
at org.openqa.selenium.remote.http.W3CHttpResponseCodec.decode(W3CHttpResponseCodec.java:122)
at org.openqa.selenium.remote.http.W3CHttpResponseCodec.decode(W3CHttpResponseCodec.java:49)
at org.openqa.selenium.remote.HttpCommandExecutor.execute(HttpCommandExecutor.java:158)
at org.openqa.selenium.remote.service.DriverCommandExecutor.execute(DriverCommandExecutor.java:83)
at org.openqa.selenium.remote.RemoteWebDriver.execute(RemoteWebDriver.java:552)
at org.openqa.selenium.remote.RemoteWebElement.execute(RemoteWebElement.java:285)
at org.openqa.selenium.remote.RemoteWebElement.click(RemoteWebElement.java:84)
at org.openqa.selenium.support.pagefactory.internal.LocatingElementHandler.invoke(LocatingElementHandler.java:51)
at com.sun.proxy.$Proxy26.click(Unknown Source)
at com.zoho.crm.pages.ProductsPage.recordsDropDown(ProductsPage.java:285)
at com.zoho.crm.scripts.CommonDP.ProductsScript.createProductsOrder(ProductsScript.java:66)
at java.util.ArrayList.forEach(Unknown Source)
... Removed 35 stack frames]]>
    </failure>
  </testcase> <!-- createProductsOrder -->
</testsuite> <!-- Products -->
