<?xml version="1.0" encoding="UTF-8"?>
<!-- Generated by org.testng.reporters.JUnitXMLReporter -->
<testsuite hostname="DESKTOP-D40I0MG" ignored="0" name="Products" tests="2" failures="1" timestamp="2020-06-01T11:15:07 IST" time="176.472" errors="0">
  <testcase name="login" time="44.439" classname="com.zoho.crm.scripts.CommonDP.ProductsScript"/>
  <testcase name="createProductsOrder" time="120.266" classname="com.zoho.crm.scripts.CommonDP.ProductsScript">
    <failure type="java.lang.NullPointerException">
      <![CDATA[java.lang.NullPointerException
at com.zoho.crm.pages.ProductsPage.clickOnNewVersion(ProductsPage.java:568)
at com.zoho.crm.scripts.CommonDP.ProductsScript.createProductsOrder(ProductsScript.java:98)
at java.util.ArrayList.forEach(Unknown Source)
... Removed 27 stack frames]]>
    </failure>
  </testcase> <!-- createProductsOrder -->
</testsuite> <!-- Products -->
