<?xml version="1.0" encoding="UTF-8"?>
<!-- Generated by org.testng.reporters.JUnitXMLReporter -->
<testsuite hostname="DESKTOP-D40I0MG" ignored="0" name="PurchaseOrders" tests="2" failures="0" timestamp="2020-06-01T11:22:32 IST" time="160.386" errors="0">
  <testcase name="login" time="49.629" classname="com.zoho.crm.scripts.CommonDP.PurchaseOrdersScript"/>
  <testcase name="createPurchaseOrders" time="103.626" classname="com.zoho.crm.scripts.CommonDP.PurchaseOrdersScript"/>
</testsuite> <!-- PurchaseOrders -->
