<?xml version="1.0" encoding="UTF-8"?>
<!-- Generated by org.testng.reporters.JUnitXMLReporter -->
<testsuite hostname="DESKTOP-D40I0MG" ignored="0" name="Quotes" tests="2" failures="1" timestamp="2020-08-11T23:46:38 IST" time="211.473" errors="0">
  <testcase name="login" time="56.657" classname="com.zoho.crm.scripts.CommonDP.QuotesScript"/>
  <testcase name="createQuote" time="144.886" classname="com.zoho.crm.scripts.CommonDP.QuotesScript">
    <failure type="java.lang.NullPointerException">
      <![CDATA[java.lang.NullPointerException
at com.zoho.crm.pages.QuotesPage.chooseAccount(QuotesPage.java:506)
at com.zoho.crm.scripts.CommonDP.QuotesScript.createQuote(QuotesScript.java:73)
at java.util.ArrayList.forEach(Unknown Source)
... Removed 27 stack frames]]>
    </failure>
  </testcase> <!-- createQuote -->
</testsuite> <!-- Quotes -->
