<?xml version="1.0" encoding="UTF-8"?>
<!-- Generated by org.testng.reporters.JUnitXMLReporter -->
<testsuite hostname="DESKTOP-D40I0MG" ignored="0" name="SalesOrders" tests="2" failures="1" timestamp="2020-06-01T11:23:11 IST" time="38.939" errors="0">
  <testcase name="login" time="33.473" classname="com.zoho.crm.scripts.CommonDP.SalesOrdersScript"/>
  <testcase name="createSalesOrders" time="0.299" classname="com.zoho.crm.scripts.CommonDP.SalesOrdersScript">
    <failure type="org.testng.internal.reflect.MethodMatcherException" message="
[public void com.zoho.crm.scripts.CommonDP.SalesOrdersScript.createSalesOrders(java.lang.String,java.lang.String,java.lang.String,java.lang.String,java.lang.String,java.lang.String,java.lang.String,java.lang.String,java.lang.String)] has no parameters defined but was found to be using a data provider (either explicitly specified or inherited from class level annotation).
Data provider mismatch
Method: createSalesOrders([Parameter{index=0, type=java.lang.String, declaredAnnotations=[]}, Parameter{index=1, type=java.lang.String, declaredAnnotations=[]}, Parameter{index=2, type=java.lang.String, declaredAnnotations=[]}, Parameter{index=3, type=java.lang.String, declaredAnnotations=[]}, Parameter{index=4, type=java.lang.String, declaredAnnotations=[]}, Parameter{index=5, type=java.lang.String, declaredAnnotations=[]}, Parameter{index=6, type=java.lang.String, declaredAnnotations=[]}, Parameter{index=7, type=java.lang.String, declaredAnnotations=[]}, Parameter{index=8, type=java.lang.String, declaredAnnotations=[]}])
Arguments: [(java.lang.String) Sales,(java.lang.String) 10000,(java.lang.String) Laptop,(java.lang.String) May 31, 2020,(java.lang.String) Laptop Sales Order,(java.lang.String) 5602314,(java.lang.String) 5602,(java.lang.String) May 31, 2020,(java.lang.String) Shekhar,(java.lang.String) Anand,(java.lang.String) laptop_gaya@hp.com,(java.lang.String) 8457859652,(java.lang.String) Payment,(java.lang.String) 10,(java.lang.String) 15,(java.lang.String) Chamarajpet,(java.lang.String) Bengaluru,(java.lang.String) Karnataka,(java.lang.String) 560210,(java.lang.String) India,(java.lang.String) HP Laptop,(java.lang.String) 100,(java.lang.String) Goods once sold will not be returned back.,(java.lang.String) This all the information related to Purchase Orders Details]">
      <![CDATA[org.testng.internal.reflect.MethodMatcherException: 
[public void com.zoho.crm.scripts.CommonDP.SalesOrdersScript.createSalesOrders(java.lang.String,java.lang.String,java.lang.String,java.lang.String,java.lang.String,java.lang.String,java.lang.String,java.lang.String,java.lang.String)] has no parameters defined but was found to be using a data provider (either explicitly specified or inherited from class level annotation).
Data provider mismatch
Method: createSalesOrders([Parameter{index=0, type=java.lang.String, declaredAnnotations=[]}, Parameter{index=1, type=java.lang.String, declaredAnnotations=[]}, Parameter{index=2, type=java.lang.String, declaredAnnotations=[]}, Parameter{index=3, type=java.lang.String, declaredAnnotations=[]}, Parameter{index=4, type=java.lang.String, declaredAnnotations=[]}, Parameter{index=5, type=java.lang.String, declaredAnnotations=[]}, Parameter{index=6, type=java.lang.String, declaredAnnotations=[]}, Parameter{index=7, type=java.lang.String, declaredAnnotations=[]}, Parameter{index=8, type=java.lang.String, declaredAnnotations=[]}])
Arguments: [(java.lang.String) Sales,(java.lang.String) 10000,(java.lang.String) Laptop,(java.lang.String) May 31, 2020,(java.lang.String) Laptop Sales Order,(java.lang.String) 5602314,(java.lang.String) 5602,(java.lang.String) May 31, 2020,(java.lang.String) Shekhar,(java.lang.String) Anand,(java.lang.String) laptop_gaya@hp.com,(java.lang.String) 8457859652,(java.lang.String) Payment,(java.lang.String) 10,(java.lang.String) 15,(java.lang.String) Chamarajpet,(java.lang.String) Bengaluru,(java.lang.String) Karnataka,(java.lang.String) 560210,(java.lang.String) India,(java.lang.String) HP Laptop,(java.lang.String) 100,(java.lang.String) Goods once sold will not be returned back.,(java.lang.String) This all the information related to Purchase Orders Details]
at java.util.ArrayList.forEach(Unknown Source)
... Removed 22 stack frames]]>
    </failure>
  </testcase> <!-- createSalesOrders -->
</testsuite> <!-- SalesOrders -->
