<?xml version="1.0" encoding="UTF-8"?>
<!-- Generated by org.testng.reporters.JUnitXMLReporter -->
<testsuite hostname="DESKTOP-D40I0MG" ignored="0" name="PriceBook" tests="2" failures="1" timestamp="2020-06-03T15:02:23 IST" time="150.617" errors="0">
  <testcase name="login" time="44.387" classname="com.zoho.crm.scripts.CommonDP.PriceBookScript"/>
  <testcase name="createPriceBooks" time="96.555" classname="com.zoho.crm.scripts.CommonDP.PriceBookScript">
    <failure type="java.lang.NullPointerException">
      <![CDATA[java.lang.NullPointerException
at com.zoho.crm.pages.PriceBooksPage.priceBookName(PriceBooksPage.java:158)
at com.zoho.crm.scripts.CommonDP.PriceBookScript.createPriceBooks(PriceBookScript.java:58)
at java.util.ArrayList.forEach(ArrayList.java:1249)
... Removed 31 stack frames]]>
    </failure>
  </testcase> <!-- createPriceBooks -->
</testsuite> <!-- PriceBook -->
