<?xml version="1.0" encoding="UTF-8"?>
<!-- Generated by org.testng.reporters.JUnitXMLReporter -->
<testsuite hostname="DESKTOP-D40I0MG" ignored="0" name="PurchaseOrders" tests="2" failures="0" timestamp="2020-06-03T12:56:28 IST" time="176.673" errors="0">
  <testcase name="login" time="45.418" classname="com.zoho.crm.scripts.CommonDP.PurchaseOrdersScript"/>
  <testcase name="createPurchaseOrders" time="125.685" classname="com.zoho.crm.scripts.CommonDP.PurchaseOrdersScript"/>
</testsuite> <!-- PurchaseOrders -->
