<?xml version="1.0" encoding="UTF-8"?>
<!-- Generated by org.testng.reporters.JUnitXMLReporter -->
<testsuite hostname="DESKTOP-D40I0MG" ignored="0" name="Quotes" tests="2" failures="1" timestamp="2020-06-03T12:53:31 IST" time="180.81" errors="0">
  <testcase name="login" time="55.015" classname="com.zoho.crm.scripts.CommonDP.QuotesScript"/>
  <testcase name="createQuote" time="116.249" classname="com.zoho.crm.scripts.CommonDP.QuotesScript">
    <failure type="java.lang.NullPointerException">
      <![CDATA[java.lang.NullPointerException
at com.zoho.crm.pages.QuotesPage.dealNameLookUpIcon(QuotesPage.java:312)
at com.zoho.crm.scripts.CommonDP.QuotesScript.createQuote(QuotesScript.java:60)
at java.util.ArrayList.forEach(ArrayList.java:1249)
... Removed 31 stack frames]]>
    </failure>
  </testcase> <!-- createQuote -->
</testsuite> <!-- Quotes -->
