<?xml version="1.0" encoding="UTF-8"?>
<!-- Generated by org.testng.reporters.JUnitXMLReporter -->
<testsuite hostname="DESKTOP-D40I0MG" ignored="0" name="SalesOrders" tests="2" failures="0" timestamp="2020-06-03T12:58:57 IST" time="148.717" errors="0">
  <testcase name="login" time="46.985" classname="com.zoho.crm.scripts.CommonDP.SalesOrdersScript"/>
  <testcase name="createSalesOrders" time="95.653" classname="com.zoho.crm.scripts.CommonDP.SalesOrdersScript"/>
</testsuite> <!-- SalesOrders -->
