-------------------------------------------------------------------------------
Test set: TestSuite
-------------------------------------------------------------------------------
Tests run: 4, Failures: 1, Errors: 0, Skipped: 0, Time elapsed: 406.857 s <<< FAILURE! - in TestSuite
createPriceBooks(com.zoho.crm.scripts.CommonDP.PriceBookScript)  Time elapsed: 96.58 s  <<< FAILURE!
java.lang.NullPointerException
	at com.zoho.crm.scripts.CommonDP.PriceBookScript.createPriceBooks(PriceBookScript.java:58)

