<?xml version="1.0" encoding="UTF-8"?>
<testsuite xmlns:xsi="http://www.w3.org/2001/XMLSchema-instance" xsi:noNamespaceSchemaLocation="https://maven.apache.org/surefire/maven-surefire-plugin/xsd/surefire-test-report.xsd" name="TestSuite" time="77.543" tests="2" errors="0" skipped="0" failures="2">
  <properties>
[...]
</properties>
  <testcase name="login" classname="com.zoho.crm.scripts.CommonDP.ProductsScript" time="45.209">
    <failure type="java.lang.NullPointerException">java.lang.NullPointerException
	at com.zoho.crm.scripts.CommonDP.ProductsScript.login(ProductsScript.java:31)
</failure>
    <system-out><![CDATA[All the Tests methods will be startedProducts
]]></system-out>
    <system-err><![CDATA[Starting ChromeDriver 80.0.3987.16 (320f6526c1632ad4f205ebce69b99a062ed78647-refs/branch-heads/3987@{#185}) on port 44003
Only local connections are allowed.
Please protect ports used by ChromeDriver and related test frameworks to prevent access by malicious code.
[1591423965.118][WARNING]: Timed out connecting to Chrome, retrying...
Jun 06, 2020 11:42:47 AM org.openqa.selenium.remote.ProtocolHandshake createSession
INFO: Detected dialect: W3C
[1591423972.545][WARNING]: Timed out connecting to Chrome, retrying...
[1591423976.488][SEVERE]: Timed out receiving message from renderer: 0.100
[1591423976.749][SEVERE]: Timed out receiving message from renderer: 0.100
[1591423976.889][SEVERE]: Timed out receiving message from renderer: 0.100
[1591423977.014][SEVERE]: Timed out receiving message from renderer: 0.100
[1591423977.286][SEVERE]: Timed out receiving message from renderer: 0.100
[1591423977.799][SEVERE]: Timed out receiving message from renderer: 0.100
[1591423978.120][SEVERE]: Timed out receiving message from renderer: 0.100
[1591423978.256][SEVERE]: Timed out receiving message from renderer: 0.100
[1591423978.429][SEVERE]: Timed out receiving message from renderer: 0.100
[1591423979.413][SEVERE]: Timed out receiving message from renderer: 0.100
[1591423979.761][SEVERE]: Timed out receiving message from renderer: 0.100
[1591423988.718][SEVERE]: Timed out receiving message from renderer: 0.100
[1591423989.000][SEVERE]: Timed out receiving message from renderer: 0.100
[1591423989.107][SEVERE]: Timed out receiving message from renderer: 0.100
[1591423989.226][SEVERE]: Timed out receiving message from renderer: 0.100
[1591423989.457][SEVERE]: Timed out receiving message from renderer: 0.100
[1591423989.693][SEVERE]: Timed out receiving message from renderer: 0.100
[1591423989.858][SEVERE]: Timed out receiving message from renderer: 0.100
[1591423990.078][SEVERE]: Timed out receiving message from renderer: 0.100
[1591423990.190][SEVERE]: Timed out receiving message from renderer: 0.100
[1591423990.298][SEVERE]: Timed out receiving message from renderer: 0.100
[1591423990.402][SEVERE]: Timed out receiving message from renderer: 0.100
[1591423991.339][SEVERE]: Timed out receiving message from renderer: 0.100
[1591423992.539][SEVERE]: Timed out receiving message from renderer: 0.100
[1591423992.881][SEVERE]: Timed out receiving message from renderer: 0.100
]]></system-err>
  </testcase>
  <testcase name="createProductsOrder" classname="com.zoho.crm.scripts.CommonDP.ProductsScript" time="10.222">
    <failure message="no such element: Unable to locate element: {&quot;method&quot;:&quot;xpath&quot;,&quot;selector&quot;:&quot;//iframe[@id=&apos;crmLoadFrame&apos;]&quot;}&#10;  (Session info: chrome=80.0.3987.116)&#10;For documentation on this error, please visit: https://www.seleniumhq.org/exceptions/no_such_element.html&#10;Build info: version: &apos;3.141.59&apos;, revision: &apos;e82be7d358&apos;, time: &apos;2018-11-14T08:17:03&apos;&#10;System info: host: &apos;DESKTOP-D40I0MG&apos;, ip: &apos;192.168.118.1&apos;, os.name: &apos;Windows 10&apos;, os.arch: &apos;amd64&apos;, os.version: &apos;10.0&apos;, java.version: &apos;1.8.0_111&apos;&#10;Driver info: org.openqa.selenium.chrome.ChromeDriver&#10;Capabilities {acceptInsecureCerts: false, browserName: chrome, browserVersion: 80.0.3987.116, chrome: {chromedriverVersion: 80.0.3987.16 (320f6526c1632..., userDataDir: C:\Users\SHEKHAR\AppData\Lo...}, goog:chromeOptions: {debuggerAddress: localhost:50396}, javascriptEnabled: true, networkConnectionEnabled: false, pageLoadStrategy: normal, platform: WINDOWS, platformName: WINDOWS, proxy: Proxy(), setWindowRect: true, strictFileInteractability: false, timeouts: {implicit: 0, pageLoad: 300000, script: 30000}, unhandledPromptBehavior: dismiss and notify}&#10;Session ID: dabff05381310e40fdffea1051c5015b&#10;*** Element info: {Using=xpath, value=//iframe[@id=&apos;crmLoadFrame&apos;]}" type="org.openqa.selenium.NoSuchElementException">org.openqa.selenium.NoSuchElementException: 
no such element: Unable to locate element: {"method":"xpath","selector":"//iframe[@id='crmLoadFrame']"}
  (Session info: chrome=80.0.3987.116)
For documentation on this error, please visit: https://www.seleniumhq.org/exceptions/no_such_element.html
Build info: version: '3.141.59', revision: 'e82be7d358', time: '2018-11-14T08:17:03'
System info: host: 'DESKTOP-D40I0MG', ip: '192.168.118.1', os.name: 'Windows 10', os.arch: 'amd64', os.version: '10.0', java.version: '1.8.0_111'
Driver info: org.openqa.selenium.chrome.ChromeDriver
Capabilities {acceptInsecureCerts: false, browserName: chrome, browserVersion: 80.0.3987.116, chrome: {chromedriverVersion: 80.0.3987.16 (320f6526c1632..., userDataDir: C:\Users\SHEKHAR\AppData\Lo...}, goog:chromeOptions: {debuggerAddress: localhost:50396}, javascriptEnabled: true, networkConnectionEnabled: false, pageLoadStrategy: normal, platform: WINDOWS, platformName: WINDOWS, proxy: Proxy(), setWindowRect: true, strictFileInteractability: false, timeouts: {implicit: 0, pageLoad: 300000, script: 30000}, unhandledPromptBehavior: dismiss and notify}
Session ID: dabff05381310e40fdffea1051c5015b
*** Element info: {Using=xpath, value=//iframe[@id='crmLoadFrame']}
	at com.zoho.crm.scripts.CommonDP.ProductsScript.createProductsOrder(ProductsScript.java:48)
</failure>
    <system-out><![CDATA[Test failed..login
]]></system-out>
  </testcase>
</testsuite>