<?xml version="1.0" encoding="UTF-8"?>
<testng-results skipped="0" failed="1" ignored="0" total="4" passed="3">
  <reporter-output>
    <line>
      <![CDATA[Create New Price Book Handled]]>
    </line>
    <line>
      <![CDATA[Create Another Price Book Handled]]>
    </line>
    <line>
      <![CDATA[Total pass tests: 3]]>
    </line>
    <line>
      <![CDATA[Total fail tests: 1]]>
    </line>
    <line>
      <![CDATA[Total skip tests: 0]]>
    </line>
  </reporter-output>
  <suite name="Zoho" duration-ms="399757" started-at="2020-06-03T14:55:43 IST" finished-at="2020-06-03T15:02:23 IST">
    <groups>
      <group name="PriceBooks">
        <method signature="PriceBookScript.createPriceBooks(java.lang.String, java.lang.String, java.lang.String, java.lang.String, java.lang.String, java.lang.String, java.lang.String)[pri:1, instance:com.zoho.crm.scripts.CommonDP.PriceBookScript@5f8edcc5]" name="createPriceBooks" class="com.zoho.crm.scripts.CommonDP.PriceBookScript"/>
      </group> <!-- PriceBooks -->
      <group name="Products">
        <method signature="ProductsScript.createProductsOrder(java.lang.String, java.lang.String, java.lang.String, java.lang.String, java.lang.String, java.lang.String, java.lang.String, java.lang.String, java.lang.String, java.lang.String, java.lang.String, java.lang.String, java.lang.String, java.lang.String, java.lang.String, java.lang.String, java.lang.String, java.lang.String)[pri:1, instance:com.zoho.crm.scripts.CommonDP.ProductsScript@26b3fd41]" name="createProductsOrder" class="com.zoho.crm.scripts.CommonDP.ProductsScript"/>
      </group> <!-- Products -->
      <group name="Login">
        <method signature="ProductsScript.login(java.lang.String, java.lang.String, java.lang.String)[pri:0, instance:com.zoho.crm.scripts.CommonDP.ProductsScript@26b3fd41]" name="login" class="com.zoho.crm.scripts.CommonDP.ProductsScript"/>
        <method signature="PriceBookScript.login(java.lang.String, java.lang.String, java.lang.String)[pri:0, instance:com.zoho.crm.scripts.CommonDP.PriceBookScript@5f8edcc5]" name="login" class="com.zoho.crm.scripts.CommonDP.PriceBookScript"/>
      </group> <!-- Login -->
    </groups>
    <test name="Products" duration-ms="248965" started-at="2020-06-03T14:55:43 IST" finished-at="2020-06-03T14:59:52 IST">
      <class name="com.zoho.crm.scripts.CommonDP.ProductsScript">
        <test-method status="PASS" signature="openBrowser(java.lang.String)[pri:0, instance:com.zoho.crm.scripts.CommonDP.ProductsScript@26b3fd41]" name="openBrowser" is-config="true" duration-ms="7676" started-at="2020-06-03T14:55:43 IST" finished-at="2020-06-03T14:55:51 IST">
          <params>
            <param index="0">
              <value>
                <![CDATA[chrome]]>
              </value>
            </param>
          </params>
          <reporter-output>
          </reporter-output>
        </test-method> <!-- openBrowser -->
        <test-method status="PASS" signature="setUp()[pri:0, instance:com.zoho.crm.scripts.CommonDP.ProductsScript@26b3fd41]" name="setUp" is-config="true" duration-ms="1" started-at="2020-06-03T14:55:51 IST" finished-at="2020-06-03T14:55:51 IST">
          <reporter-output>
          </reporter-output>
        </test-method> <!-- setUp -->
        <test-method status="PASS" signature="login(java.lang.String, java.lang.String, java.lang.String)[pri:0, instance:com.zoho.crm.scripts.CommonDP.ProductsScript@26b3fd41]" name="login" duration-ms="69282" started-at="2020-06-03T14:55:54 IST" data-provider="dp" finished-at="2020-06-03T14:57:03 IST">
          <params>
            <param index="0">
              <value>
                <![CDATA[https://www.zoho.com/crm/crmplus]]>
              </value>
            </param>
            <param index="1">
              <value>
                <![CDATA[9squarezoho1@gmail.com]]>
              </value>
            </param>
            <param index="2">
              <value>
                <![CDATA[$Apple123]]>
              </value>
            </param>
          </params>
          <reporter-output>
          </reporter-output>
        </test-method> <!-- login -->
        <test-method status="PASS" signature="testStatus(org.testng.ITestResult)[pri:0, instance:com.zoho.crm.scripts.CommonDP.ProductsScript@26b3fd41]" name="testStatus" is-config="true" duration-ms="3" started-at="2020-06-03T14:57:03 IST" finished-at="2020-06-03T14:57:03 IST">
          <params>
            <param index="0">
              <value>
                <![CDATA[[TestResult name=login status=SUCCESS method=ProductsScript.login(java.lang.String, java.lang.String, java.lang.String)[pri:0, instance:com.zoho.crm.scripts.CommonDP.ProductsScript@26b3fd41] output={null}]]]>
              </value>
            </param>
          </params>
          <reporter-output>
          </reporter-output>
        </test-method> <!-- testStatus -->
        <test-method status="PASS" signature="createProductsOrder(java.lang.String, java.lang.String, java.lang.String, java.lang.String, java.lang.String, java.lang.String, java.lang.String, java.lang.String, java.lang.String, java.lang.String, java.lang.String, java.lang.String, java.lang.String, java.lang.String, java.lang.String, java.lang.String, java.lang.String, java.lang.String)[pri:1, instance:com.zoho.crm.scripts.CommonDP.ProductsScript@26b3fd41]" name="createProductsOrder" duration-ms="167696" started-at="2020-06-03T14:57:04 IST" data-provider="dp" finished-at="2020-06-03T14:59:52 IST">
          <params>
            <param index="0">
              <value>
                <![CDATA[Product]]>
              </value>
            </param>
            <param index="1">
              <value>
                <![CDATA[HP laptop]]>
              </value>
            </param>
            <param index="2">
              <value>
                <![CDATA[HP-2024]]>
              </value>
            </param>
            <param index="3">
              <value>
                <![CDATA[Shekhar Anand]]>
              </value>
            </param>
            <param index="4">
              <value>
                <![CDATA[8958471230]]>
              </value>
            </param>
            <param index="5">
              <value>
                <![CDATA[vendor@hp.com]]>
              </value>
            </param>
            <param index="6">
              <value>
                <![CDATA[LexPon Inc.]]>
              </value>
            </param>
            <param index="7">
              <value>
                <![CDATA[Apr 30, 2020]]>
              </value>
            </param>
            <param index="8">
              <value>
                <![CDATA[Apr 29, 2021]]>
              </value>
            </param>
            <param index="9">
              <value>
                <![CDATA[Apr 30, 2020]]>
              </value>
            </param>
            <param index="10">
              <value>
                <![CDATA[Apr 29, 2021]]>
              </value>
            </param>
            <param index="11">
              <value>
                <![CDATA[5000]]>
              </value>
            </param>
            <param index="12">
              <value>
                <![CDATA[5]]>
              </value>
            </param>
            <param index="13">
              <value>
                <![CDATA[60]]>
              </value>
            </param>
            <param index="14">
              <value>
                <![CDATA[50]]>
              </value>
            </param>
            <param index="15">
              <value>
                <![CDATA[10]]>
              </value>
            </param>
            <param index="16">
              <value>
                <![CDATA[30]]>
              </value>
            </param>
            <param index="17">
              <value>
                <![CDATA[Product information about Hp Laptop]]>
              </value>
            </param>
          </params>
          <reporter-output>
          </reporter-output>
        </test-method> <!-- createProductsOrder -->
        <test-method status="PASS" signature="testStatus(org.testng.ITestResult)[pri:0, instance:com.zoho.crm.scripts.CommonDP.ProductsScript@26b3fd41]" name="testStatus" is-config="true" duration-ms="2" started-at="2020-06-03T14:59:52 IST" finished-at="2020-06-03T14:59:52 IST">
          <params>
            <param index="0">
              <value>
                <![CDATA[[TestResult name=createProductsOrder status=SUCCESS method=ProductsScript.createProductsOrder(java.lang.String, java.lang.String, java.lang.String, java.lang.String, java.lang.String, java.lang.String, java.lang.String, java.lang.String, java.lang.String, java.lang.String, java.lang.String, java.lang.String, java.lang.String, java.lang.String, java.lang.String, java.lang.String, java.lang.String, java.lang.String)[pri:1, instance:com.zoho.crm.scripts.CommonDP.ProductsScript@26b3fd41] output={null}]]]>
              </value>
            </param>
          </params>
          <reporter-output>
          </reporter-output>
        </test-method> <!-- testStatus -->
      </class> <!-- com.zoho.crm.scripts.CommonDP.ProductsScript -->
    </test> <!-- Products -->
    <test name="PriceBook" duration-ms="150617" started-at="2020-06-03T14:59:52 IST" finished-at="2020-06-03T15:02:23 IST">
      <class name="com.zoho.crm.scripts.CommonDP.PriceBookScript">
        <test-method status="PASS" signature="openBrowser(java.lang.String)[pri:0, instance:com.zoho.crm.scripts.CommonDP.PriceBookScript@5f8edcc5]" name="openBrowser" is-config="true" duration-ms="5537" started-at="2020-06-03T14:59:52 IST" finished-at="2020-06-03T14:59:58 IST">
          <params>
            <param index="0">
              <value>
                <![CDATA[chrome]]>
              </value>
            </param>
          </params>
          <reporter-output>
          </reporter-output>
        </test-method> <!-- openBrowser -->
        <test-method status="PASS" signature="setUp()[pri:0, instance:com.zoho.crm.scripts.CommonDP.PriceBookScript@5f8edcc5]" name="setUp" is-config="true" duration-ms="1" started-at="2020-06-03T14:59:58 IST" finished-at="2020-06-03T14:59:58 IST">
          <reporter-output>
          </reporter-output>
        </test-method> <!-- setUp -->
        <test-method status="PASS" signature="login(java.lang.String, java.lang.String, java.lang.String)[pri:0, instance:com.zoho.crm.scripts.CommonDP.PriceBookScript@5f8edcc5]" name="login" duration-ms="44387" started-at="2020-06-03T14:59:58 IST" data-provider="dp" finished-at="2020-06-03T15:00:43 IST">
          <params>
            <param index="0">
              <value>
                <![CDATA[https://www.zoho.com/crm/crmplus]]>
              </value>
            </param>
            <param index="1">
              <value>
                <![CDATA[9squarezoho1@gmail.com]]>
              </value>
            </param>
            <param index="2">
              <value>
                <![CDATA[$Apple123]]>
              </value>
            </param>
          </params>
          <reporter-output>
          </reporter-output>
        </test-method> <!-- login -->
        <test-method status="PASS" signature="testStatus(org.testng.ITestResult)[pri:0, instance:com.zoho.crm.scripts.CommonDP.PriceBookScript@5f8edcc5]" name="testStatus" is-config="true" duration-ms="1" started-at="2020-06-03T15:00:43 IST" finished-at="2020-06-03T15:00:43 IST">
          <params>
            <param index="0">
              <value>
                <![CDATA[[TestResult name=login status=SUCCESS method=PriceBookScript.login(java.lang.String, java.lang.String, java.lang.String)[pri:0, instance:com.zoho.crm.scripts.CommonDP.PriceBookScript@5f8edcc5] output={null}]]]>
              </value>
            </param>
          </params>
          <reporter-output>
          </reporter-output>
        </test-method> <!-- testStatus -->
        <test-method status="FAIL" signature="createPriceBooks(java.lang.String, java.lang.String, java.lang.String, java.lang.String, java.lang.String, java.lang.String, java.lang.String)[pri:1, instance:com.zoho.crm.scripts.CommonDP.PriceBookScript@5f8edcc5]" name="createPriceBooks" duration-ms="96555" started-at="2020-06-03T15:00:44 IST" data-provider="dp" finished-at="2020-06-03T15:02:20 IST">
          <params>
            <param index="0">
              <value>
                <![CDATA[Price]]>
              </value>
            </param>
            <param index="1">
              <value>
                <![CDATA[Hp Laptop]]>
              </value>
            </param>
            <param index="2">
              <value>
                <![CDATA[This contains details about price book section for Hp laptop]]>
              </value>
            </param>
            <param index="3">
              <value>
                <![CDATA[2000]]>
              </value>
            </param>
            <param index="4">
              <value>
                <![CDATA[10000]]>
              </value>
            </param>
            <param index="5">
              <value>
                <![CDATA[15]]>
              </value>
            </param>
            <param index="6">
              <value>
                <![CDATA[48000]]>
              </value>
            </param>
          </params>
          <exception class="java.lang.NullPointerException">
            <full-stacktrace>
              <![CDATA[java.lang.NullPointerException
at com.zoho.crm.pages.PriceBooksPage.priceBookName(PriceBooksPage.java:158)
at com.zoho.crm.scripts.CommonDP.PriceBookScript.createPriceBooks(PriceBookScript.java:58)
at sun.reflect.NativeMethodAccessorImpl.invoke0(Native Method)
at sun.reflect.NativeMethodAccessorImpl.invoke(NativeMethodAccessorImpl.java:62)
at sun.reflect.DelegatingMethodAccessorImpl.invoke(DelegatingMethodAccessorImpl.java:43)
at java.lang.reflect.Method.invoke(Method.java:498)
at org.testng.internal.MethodInvocationHelper.invokeMethod(MethodInvocationHelper.java:134)
at org.testng.internal.TestInvoker.invokeMethod(TestInvoker.java:597)
at org.testng.internal.TestInvoker.invokeTestMethod(TestInvoker.java:173)
at org.testng.internal.MethodRunner.runInSequence(MethodRunner.java:46)
at org.testng.internal.TestInvoker$MethodInvocationAgent.invoke(TestInvoker.java:816)
at org.testng.internal.TestInvoker.invokeTestMethods(TestInvoker.java:146)
at org.testng.internal.TestMethodWorker.invokeTestMethods(TestMethodWorker.java:146)
at org.testng.internal.TestMethodWorker.run(TestMethodWorker.java:128)
at java.util.ArrayList.forEach(ArrayList.java:1249)
at org.testng.TestRunner.privateRun(TestRunner.java:766)
at org.testng.TestRunner.run(TestRunner.java:587)
at org.testng.SuiteRunner.runTest(SuiteRunner.java:384)
at org.testng.SuiteRunner.runSequentially(SuiteRunner.java:378)
at org.testng.SuiteRunner.privateRun(SuiteRunner.java:337)
at org.testng.SuiteRunner.run(SuiteRunner.java:286)
at org.testng.SuiteRunnerWorker.runSuite(SuiteRunnerWorker.java:53)
at org.testng.SuiteRunnerWorker.run(SuiteRunnerWorker.java:96)
at org.testng.TestNG.runSuitesSequentially(TestNG.java:1187)
at org.testng.TestNG.runSuitesLocally(TestNG.java:1109)
at org.testng.TestNG.runSuites(TestNG.java:1039)
at org.testng.TestNG.run(TestNG.java:1007)
at org.apache.maven.surefire.testng.TestNGExecutor.run(TestNGExecutor.java:283)
at org.apache.maven.surefire.testng.TestNGXmlTestSuite.execute(TestNGXmlTestSuite.java:75)
at org.apache.maven.surefire.testng.TestNGProvider.invoke(TestNGProvider.java:120)
at org.apache.maven.surefire.booter.ForkedBooter.invokeProviderInSameClassLoader(ForkedBooter.java:373)
at org.apache.maven.surefire.booter.ForkedBooter.runSuitesInProcess(ForkedBooter.java:334)
at org.apache.maven.surefire.booter.ForkedBooter.execute(ForkedBooter.java:119)
at org.apache.maven.surefire.booter.ForkedBooter.main(ForkedBooter.java:407)
]]>
            </full-stacktrace>
          </exception> <!-- java.lang.NullPointerException -->
          <reporter-output>
            <line>
              <![CDATA[Create New Price Book Handled]]>
            </line>
            <line>
              <![CDATA[Create Another Price Book Handled]]>
            </line>
          </reporter-output>
        </test-method> <!-- createPriceBooks -->
        <test-method status="PASS" signature="testStatus(org.testng.ITestResult)[pri:0, instance:com.zoho.crm.scripts.CommonDP.PriceBookScript@5f8edcc5]" name="testStatus" is-config="true" duration-ms="2370" started-at="2020-06-03T15:02:21 IST" finished-at="2020-06-03T15:02:23 IST">
          <params>
            <param index="0">
              <value>
                <![CDATA[[TestResult name=createPriceBooks status=FAILURE method=PriceBookScript.createPriceBooks(java.lang.String, java.lang.String, java.lang.String, java.lang.String, java.lang.String, java.lang.String, java.lang.String)[pri:1, instance:com.zoho.crm.scripts.CommonDP.PriceBookScript@5f8edcc5] output=Create New Price Book Handled]]]>
              </value>
            </param>
          </params>
          <reporter-output>
          </reporter-output>
        </test-method> <!-- testStatus -->
        <test-method status="PASS" signature="testCounts()[pri:0, instance:com.zoho.crm.scripts.CommonDP.PriceBookScript@5f8edcc5]" name="testCounts" is-config="true" duration-ms="1" started-at="2020-06-03T15:02:23 IST" finished-at="2020-06-03T15:02:23 IST">
          <reporter-output>
            <line>
              <![CDATA[Total pass tests: 3]]>
            </line>
            <line>
              <![CDATA[Total fail tests: 1]]>
            </line>
            <line>
              <![CDATA[Total skip tests: 0]]>
            </line>
          </reporter-output>
        </test-method> <!-- testCounts -->
      </class> <!-- com.zoho.crm.scripts.CommonDP.PriceBookScript -->
    </test> <!-- PriceBook -->
  </suite> <!-- Zoho -->
</testng-results>
