<?xml version="1.0" encoding="UTF-8"?>
<testng-results skipped="0" failed="0" ignored="0" total="1" passed="1">
  <reporter-output>
  </reporter-output>
  <suite name="Default suite" duration-ms="124" started-at="2020-07-03T00:12:38 IST" finished-at="2020-07-03T00:12:38 IST">
    <groups>
    </groups>
    <test name="Default test" duration-ms="124" started-at="2020-07-03T00:12:38 IST" finished-at="2020-07-03T00:12:38 IST">
      <class name="com.zoho.crm.scripts.DemoAssert">
        <test-method status="PASS" signature="test1()[pri:0, instance:com.zoho.crm.scripts.DemoAssert@36b4cef0]" name="test1" duration-ms="23" started-at="2020-07-03T00:12:38 IST" finished-at="2020-07-03T00:12:38 IST">
          <reporter-output>
          </reporter-output>
        </test-method> <!-- test1 -->
      </class> <!-- com.zoho.crm.scripts.DemoAssert -->
    </test> <!-- Default test -->
  </suite> <!-- Default suite -->
</testng-results>
