<?xml version="1.0" encoding="UTF-8"?>
<testng-results skipped="0" failed="2" ignored="0" total="2" passed="0">
  <reporter-output>
    <line>
      <![CDATA[Total pass tests: 0]]>
    </line>
    <line>
      <![CDATA[Total fail tests: 0]]>
    </line>
    <line>
      <![CDATA[Total skip tests: 0]]>
    </line>
  </reporter-output>
  <suite name="Zoho" duration-ms="64658" started-at="2020-06-06T13:44:53 IST" finished-at="2020-06-06T13:45:58 IST">
    <groups>
      <group name="Products">
        <method signature="ProductsScript.createProductsOrder(java.lang.String, java.lang.String, java.lang.String, java.lang.String, java.lang.String, java.lang.String, java.lang.String, java.lang.String, java.lang.String, java.lang.String, java.lang.String, java.lang.String, java.lang.String, java.lang.String, java.lang.String, java.lang.String, java.lang.String, java.lang.String)[pri:1, instance:com.zoho.crm.scripts.CommonDP.ProductsScript@1c7696c6]" name="createProductsOrder" class="com.zoho.crm.scripts.CommonDP.ProductsScript"/>
      </group> <!-- Products -->
      <group name="Login">
        <method signature="ProductsScript.login(java.lang.String, java.lang.String, java.lang.String)[pri:0, instance:com.zoho.crm.scripts.CommonDP.ProductsScript@1c7696c6]" name="login" class="com.zoho.crm.scripts.CommonDP.ProductsScript"/>
      </group> <!-- Login -->
    </groups>
    <test name="Products" duration-ms="64658" started-at="2020-06-06T13:44:53 IST" finished-at="2020-06-06T13:45:58 IST">
      <class name="com.zoho.crm.scripts.CommonDP.ProductsScript">
        <test-method status="PASS" signature="openBrowser(java.lang.String)[pri:0, instance:com.zoho.crm.scripts.CommonDP.ProductsScript@1c7696c6]" name="openBrowser" is-config="true" duration-ms="8784" started-at="2020-06-06T13:44:53 IST" finished-at="2020-06-06T13:45:02 IST">
          <params>
            <param index="0">
              <value>
                <![CDATA[chrome]]>
              </value>
            </param>
          </params>
          <reporter-output>
          </reporter-output>
        </test-method> <!-- openBrowser -->
        <test-method status="PASS" signature="setUp()[pri:0, instance:com.zoho.crm.scripts.CommonDP.ProductsScript@1c7696c6]" name="setUp" is-config="true" duration-ms="1" started-at="2020-06-06T13:45:02 IST" finished-at="2020-06-06T13:45:02 IST">
          <reporter-output>
          </reporter-output>
        </test-method> <!-- setUp -->
        <test-method status="FAIL" signature="login(java.lang.String, java.lang.String, java.lang.String)[pri:0, instance:com.zoho.crm.scripts.CommonDP.ProductsScript@1c7696c6]" name="login" duration-ms="42110" started-at="2020-06-06T13:45:04 IST" data-provider="dp" finished-at="2020-06-06T13:45:46 IST">
          <params>
            <param index="0">
              <value>
                <![CDATA[https://www.zoho.com/crm/crmplus]]>
              </value>
            </param>
            <param index="1">
              <value>
                <![CDATA[9squarezoho1@gmail.com]]>
              </value>
            </param>
            <param index="2">
              <value>
                <![CDATA[$Apple123]]>
              </value>
            </param>
          </params>
          <exception class="java.lang.NullPointerException">
            <full-stacktrace>
              <![CDATA[java.lang.NullPointerException
at com.zoho.crm.pages.LoginPage.password(LoginPage.java:110)
at com.zoho.crm.scripts.CommonDP.ProductsScript.login(ProductsScript.java:31)
at sun.reflect.NativeMethodAccessorImpl.invoke0(Native Method)
at sun.reflect.NativeMethodAccessorImpl.invoke(Unknown Source)
at sun.reflect.DelegatingMethodAccessorImpl.invoke(Unknown Source)
at java.lang.reflect.Method.invoke(Unknown Source)
at org.testng.internal.MethodInvocationHelper.invokeMethod(MethodInvocationHelper.java:134)
at org.testng.internal.TestInvoker.invokeMethod(TestInvoker.java:597)
at org.testng.internal.TestInvoker.invokeTestMethod(TestInvoker.java:173)
at org.testng.internal.MethodRunner.runInSequence(MethodRunner.java:46)
at org.testng.internal.TestInvoker$MethodInvocationAgent.invoke(TestInvoker.java:816)
at org.testng.internal.TestInvoker.invokeTestMethods(TestInvoker.java:146)
at org.testng.internal.TestMethodWorker.invokeTestMethods(TestMethodWorker.java:146)
at org.testng.internal.TestMethodWorker.run(TestMethodWorker.java:128)
at java.util.ArrayList.forEach(Unknown Source)
at org.testng.TestRunner.privateRun(TestRunner.java:766)
at org.testng.TestRunner.run(TestRunner.java:587)
at org.testng.SuiteRunner.runTest(SuiteRunner.java:384)
at org.testng.SuiteRunner.runSequentially(SuiteRunner.java:378)
at org.testng.SuiteRunner.privateRun(SuiteRunner.java:337)
at org.testng.SuiteRunner.run(SuiteRunner.java:286)
at org.testng.SuiteRunnerWorker.runSuite(SuiteRunnerWorker.java:53)
at org.testng.SuiteRunnerWorker.run(SuiteRunnerWorker.java:96)
at org.testng.TestNG.runSuitesSequentially(TestNG.java:1187)
at org.testng.TestNG.runSuitesLocally(TestNG.java:1109)
at org.testng.TestNG.runSuites(TestNG.java:1039)
at org.testng.TestNG.run(TestNG.java:1007)
at org.testng.remote.AbstractRemoteTestNG.run(AbstractRemoteTestNG.java:115)
at org.testng.remote.RemoteTestNG.initAndRun(RemoteTestNG.java:251)
at org.testng.remote.RemoteTestNG.main(RemoteTestNG.java:77)
]]>
            </full-stacktrace>
          </exception> <!-- java.lang.NullPointerException -->
          <reporter-output>
          </reporter-output>
        </test-method> <!-- login -->
        <test-method status="FAIL" signature="createProductsOrder(java.lang.String, java.lang.String, java.lang.String, java.lang.String, java.lang.String, java.lang.String, java.lang.String, java.lang.String, java.lang.String, java.lang.String, java.lang.String, java.lang.String, java.lang.String, java.lang.String, java.lang.String, java.lang.String, java.lang.String, java.lang.String)[pri:1, instance:com.zoho.crm.scripts.CommonDP.ProductsScript@1c7696c6]" name="createProductsOrder" duration-ms="10136" started-at="2020-06-06T13:45:47 IST" data-provider="dp" finished-at="2020-06-06T13:45:57 IST">
          <params>
            <param index="0">
              <value>
                <![CDATA[Product]]>
              </value>
            </param>
            <param index="1">
              <value>
                <![CDATA[HP laptop]]>
              </value>
            </param>
            <param index="2">
              <value>
                <![CDATA[HP-2024]]>
              </value>
            </param>
            <param index="3">
              <value>
                <![CDATA[Shekhar Anand]]>
              </value>
            </param>
            <param index="4">
              <value>
                <![CDATA[8958471230]]>
              </value>
            </param>
            <param index="5">
              <value>
                <![CDATA[vendor@hp.com]]>
              </value>
            </param>
            <param index="6">
              <value>
                <![CDATA[LexPon Inc.]]>
              </value>
            </param>
            <param index="7">
              <value>
                <![CDATA[Apr 30, 2020]]>
              </value>
            </param>
            <param index="8">
              <value>
                <![CDATA[Apr 29, 2021]]>
              </value>
            </param>
            <param index="9">
              <value>
                <![CDATA[Apr 30, 2020]]>
              </value>
            </param>
            <param index="10">
              <value>
                <![CDATA[Apr 29, 2021]]>
              </value>
            </param>
            <param index="11">
              <value>
                <![CDATA[5000]]>
              </value>
            </param>
            <param index="12">
              <value>
                <![CDATA[5]]>
              </value>
            </param>
            <param index="13">
              <value>
                <![CDATA[60]]>
              </value>
            </param>
            <param index="14">
              <value>
                <![CDATA[50]]>
              </value>
            </param>
            <param index="15">
              <value>
                <![CDATA[10]]>
              </value>
            </param>
            <param index="16">
              <value>
                <![CDATA[30]]>
              </value>
            </param>
            <param index="17">
              <value>
                <![CDATA[Product information about Hp Laptop]]>
              </value>
            </param>
          </params>
          <exception class="org.openqa.selenium.NoSuchElementException">
            <message>
              <![CDATA[no such element: Unable to locate element: {"method":"xpath","selector":"//iframe[@id='crmLoadFrame']"}
  (Session info: chrome=80.0.3987.116)
For documentation on this error, please visit: https://www.seleniumhq.org/exceptions/no_such_element.html
Build info: version: '3.141.59', revision: 'e82be7d358', time: '2018-11-14T08:17:03'
System info: host: 'DESKTOP-D40I0MG', ip: '192.168.118.1', os.name: 'Windows 10', os.arch: 'amd64', os.version: '10.0', java.version: '1.8.0_221'
Driver info: org.openqa.selenium.chrome.ChromeDriver
Capabilities {acceptInsecureCerts: false, browserName: chrome, browserVersion: 80.0.3987.116, chrome: {chromedriverVersion: 80.0.3987.16 (320f6526c1632..., userDataDir: C:\Users\SHEKHAR\AppData\Lo...}, goog:chromeOptions: {debuggerAddress: localhost:54290}, javascriptEnabled: true, networkConnectionEnabled: false, pageLoadStrategy: normal, platform: WINDOWS, platformName: WINDOWS, proxy: Proxy(), setWindowRect: true, strictFileInteractability: false, timeouts: {implicit: 0, pageLoad: 300000, script: 30000}, unhandledPromptBehavior: dismiss and notify}
Session ID: 63f08fc9e695a788a44362f0ee7c3907
*** Element info: {Using=xpath, value=//iframe[@id='crmLoadFrame']}]]>
            </message>
            <full-stacktrace>
              <![CDATA[org.openqa.selenium.NoSuchElementException: no such element: Unable to locate element: {"method":"xpath","selector":"//iframe[@id='crmLoadFrame']"}
  (Session info: chrome=80.0.3987.116)
For documentation on this error, please visit: https://www.seleniumhq.org/exceptions/no_such_element.html
Build info: version: '3.141.59', revision: 'e82be7d358', time: '2018-11-14T08:17:03'
System info: host: 'DESKTOP-D40I0MG', ip: '192.168.118.1', os.name: 'Windows 10', os.arch: 'amd64', os.version: '10.0', java.version: '1.8.0_221'
Driver info: org.openqa.selenium.chrome.ChromeDriver
Capabilities {acceptInsecureCerts: false, browserName: chrome, browserVersion: 80.0.3987.116, chrome: {chromedriverVersion: 80.0.3987.16 (320f6526c1632..., userDataDir: C:\Users\SHEKHAR\AppData\Lo...}, goog:chromeOptions: {debuggerAddress: localhost:54290}, javascriptEnabled: true, networkConnectionEnabled: false, pageLoadStrategy: normal, platform: WINDOWS, platformName: WINDOWS, proxy: Proxy(), setWindowRect: true, strictFileInteractability: false, timeouts: {implicit: 0, pageLoad: 300000, script: 30000}, unhandledPromptBehavior: dismiss and notify}
Session ID: 63f08fc9e695a788a44362f0ee7c3907
*** Element info: {Using=xpath, value=//iframe[@id='crmLoadFrame']}
at sun.reflect.NativeConstructorAccessorImpl.newInstance0(Native Method)
at sun.reflect.NativeConstructorAccessorImpl.newInstance(Unknown Source)
at sun.reflect.DelegatingConstructorAccessorImpl.newInstance(Unknown Source)
at java.lang.reflect.Constructor.newInstance(Unknown Source)
at org.openqa.selenium.remote.http.W3CHttpResponseCodec.createException(W3CHttpResponseCodec.java:187)
at org.openqa.selenium.remote.http.W3CHttpResponseCodec.decode(W3CHttpResponseCodec.java:122)
at org.openqa.selenium.remote.http.W3CHttpResponseCodec.decode(W3CHttpResponseCodec.java:49)
at org.openqa.selenium.remote.HttpCommandExecutor.execute(HttpCommandExecutor.java:158)
at org.openqa.selenium.remote.service.DriverCommandExecutor.execute(DriverCommandExecutor.java:83)
at org.openqa.selenium.remote.RemoteWebDriver.execute(RemoteWebDriver.java:552)
at org.openqa.selenium.remote.RemoteWebDriver.findElement(RemoteWebDriver.java:323)
at org.openqa.selenium.remote.RemoteWebDriver.findElementByXPath(RemoteWebDriver.java:428)
at org.openqa.selenium.By$ByXPath.findElement(By.java:353)
at org.openqa.selenium.remote.RemoteWebDriver.findElement(RemoteWebDriver.java:315)
at org.openqa.selenium.support.pagefactory.DefaultElementLocator.findElement(DefaultElementLocator.java:69)
at org.openqa.selenium.support.pagefactory.internal.LocatingElementHandler.invoke(LocatingElementHandler.java:38)
at com.sun.proxy.$Proxy26.getWrappedElement(Unknown Source)
at org.openqa.selenium.remote.internal.WebElementToJsonConverter.apply(WebElementToJsonConverter.java:50)
at org.openqa.selenium.remote.RemoteWebDriver$RemoteTargetLocator.frame(RemoteWebDriver.java:891)
at com.zoho.crm.pages.ProductsPage.homePage(ProductsPage.java:251)
at com.zoho.crm.scripts.CommonDP.ProductsScript.createProductsOrder(ProductsScript.java:48)
at sun.reflect.NativeMethodAccessorImpl.invoke0(Native Method)
at sun.reflect.NativeMethodAccessorImpl.invoke(Unknown Source)
at sun.reflect.DelegatingMethodAccessorImpl.invoke(Unknown Source)
at java.lang.reflect.Method.invoke(Unknown Source)
at org.testng.internal.MethodInvocationHelper.invokeMethod(MethodInvocationHelper.java:134)
at org.testng.internal.TestInvoker.invokeMethod(TestInvoker.java:597)
at org.testng.internal.TestInvoker.invokeTestMethod(TestInvoker.java:173)
at org.testng.internal.MethodRunner.runInSequence(MethodRunner.java:46)
at org.testng.internal.TestInvoker$MethodInvocationAgent.invoke(TestInvoker.java:816)
at org.testng.internal.TestInvoker.invokeTestMethods(TestInvoker.java:146)
at org.testng.internal.TestMethodWorker.invokeTestMethods(TestMethodWorker.java:146)
at org.testng.internal.TestMethodWorker.run(TestMethodWorker.java:128)
at java.util.ArrayList.forEach(Unknown Source)
at org.testng.TestRunner.privateRun(TestRunner.java:766)
at org.testng.TestRunner.run(TestRunner.java:587)
at org.testng.SuiteRunner.runTest(SuiteRunner.java:384)
at org.testng.SuiteRunner.runSequentially(SuiteRunner.java:378)
at org.testng.SuiteRunner.privateRun(SuiteRunner.java:337)
at org.testng.SuiteRunner.run(SuiteRunner.java:286)
at org.testng.SuiteRunnerWorker.runSuite(SuiteRunnerWorker.java:53)
at org.testng.SuiteRunnerWorker.run(SuiteRunnerWorker.java:96)
at org.testng.TestNG.runSuitesSequentially(TestNG.java:1187)
at org.testng.TestNG.runSuitesLocally(TestNG.java:1109)
at org.testng.TestNG.runSuites(TestNG.java:1039)
at org.testng.TestNG.run(TestNG.java:1007)
at org.testng.remote.AbstractRemoteTestNG.run(AbstractRemoteTestNG.java:115)
at org.testng.remote.RemoteTestNG.initAndRun(RemoteTestNG.java:251)
at org.testng.remote.RemoteTestNG.main(RemoteTestNG.java:77)
]]>
            </full-stacktrace>
          </exception> <!-- org.openqa.selenium.NoSuchElementException -->
          <reporter-output>
          </reporter-output>
        </test-method> <!-- createProductsOrder -->
        <test-method status="PASS" signature="testCounts()[pri:0, instance:com.zoho.crm.scripts.CommonDP.ProductsScript@1c7696c6]" name="testCounts" is-config="true" duration-ms="3" started-at="2020-06-06T13:45:59 IST" finished-at="2020-06-06T13:45:59 IST">
          <reporter-output>
            <line>
              <![CDATA[Total pass tests: 0]]>
            </line>
            <line>
              <![CDATA[Total fail tests: 0]]>
            </line>
            <line>
              <![CDATA[Total skip tests: 0]]>
            </line>
          </reporter-output>
        </test-method> <!-- testCounts -->
      </class> <!-- com.zoho.crm.scripts.CommonDP.ProductsScript -->
    </test> <!-- Products -->
  </suite> <!-- Zoho -->
</testng-results>
